[debug] [2023-02-19T10:30:40.534Z] ----------------------------------------------------------------------
[debug] [2023-02-19T10:30:40.535Z] Command:       /home/aras/.nvm/versions/node/v18.12.1/bin/node /home/aras/.nvm/versions/node/v18.12.1/bin/firebase init
[debug] [2023-02-19T10:30:40.535Z] CLI Version:   11.22.0
[debug] [2023-02-19T10:30:40.535Z] Platform:      linux
[debug] [2023-02-19T10:30:40.535Z] Node Version:  v18.12.1
[debug] [2023-02-19T10:30:40.536Z] Time:          Sun Feb 19 2023 05:30:40 GMT-0500 (Eastern Standard Time)
[debug] [2023-02-19T10:30:40.536Z] ----------------------------------------------------------------------
[debug] 
[debug] [2023-02-19T10:30:40.574Z] > command requires scopes: ["email","openid","https://www.googleapis.com/auth/cloudplatformprojects.readonly","https://www.googleapis.com/auth/firebase","https://www.googleapis.com/auth/cloud-platform"]
[debug] [2023-02-19T10:30:40.574Z] > authorizing via signed-in user (vahitaras@gmail.com)
[info] 
     ######## #### ########  ######## ########     ###     ######  ########
     ##        ##  ##     ## ##       ##     ##  ##   ##  ##       ##
     ######    ##  ########  ######   ########  #########  ######  ######
     ##        ##  ##    ##  ##       ##     ## ##     ##       ## ##
     ##       #### ##     ## ######## ########  ##     ##  ######  ########

You're about to initialize a Firebase project in this directory:

  /home/aras/Desktop/Web Dev Projects/043_React-Portfolio_Project/client

Before we get started, keep in mind:

  * You are initializing within an existing Firebase project directory

[info] 
=== Project Setup
[info] 
[info] First, let's associate this project directory with a Firebase project.
[info] You can create multiple project aliases by running firebase use --add, 
[info] but for now we'll just set up a default project.
[info] 
[debug] [2023-02-19T10:30:42.474Z] Using project from CLI flag: aras-portfolio
[debug] [2023-02-19T10:30:42.475Z] >>> [apiv2][query] GET https://firebase.googleapis.com/v1beta1/projects/aras-portfolio [none]
[debug] [2023-02-19T10:30:42.954Z] <<< [apiv2][status] GET https://firebase.googleapis.com/v1beta1/projects/aras-portfolio 200
[debug] [2023-02-19T10:30:42.954Z] <<< [apiv2][body] GET https://firebase.googleapis.com/v1beta1/projects/aras-portfolio {"projectId":"aras-portfolio","projectNumber":"397741780257","displayName":"aras-portfolio","name":"projects/aras-portfolio","resources":{"hostingSite":"aras-portfolio"},"state":"ACTIVE","etag":"1_44684fb4-550e-401c-a42d-2ef57c427aa5"}
[info] i  Using project aras-portfolio (aras-portfolio) 
[info] 
=== Hosting Setup
[info] 
[info] Your public directory is the folder (relative to your project directory) that
[info] will contain Hosting assets to be uploaded with firebase deploy. If you
[info] have a build process for your assets, use your build's output directory.
[info] 
